<?xml version="1.0" encoding="UTF-8"?>
<testng-results skipped="0" failed="0" ignored="0" total="3" passed="3">
  <reporter-output>
  </reporter-output>
  <suite name="Default suite" duration-ms="71" started-at="2020-07-17T07:48:25Z" finished-at="2020-07-17T07:48:25Z">
    <groups>
    </groups>
    <test name="Default test" duration-ms="71" started-at="2020-07-17T07:48:25Z" finished-at="2020-07-17T07:48:25Z">
      <class name="CovidPackage.Holiday">
        <test-method status="PASS" signature="Dell()[pri:0, instance:CovidPackage.Holiday@15be6bb]" name="Dell" duration-ms="13" started-at="2020-07-17T07:48:25Z" finished-at="2020-07-17T07:48:25Z">
          <reporter-output>
          </reporter-output>
        </test-method> <!-- Dell -->
        <test-method status="PASS" signature="HP()[pri:0, instance:CovidPackage.Holiday@15be6bb]" name="HP" duration-ms="2" started-at="2020-07-17T07:48:25Z" finished-at="2020-07-17T07:48:25Z">
          <reporter-output>
          </reporter-output>
        </test-method> <!-- HP -->
        <test-method status="PASS" signature="lenovo()[pri:0, instance:CovidPackage.Holiday@15be6bb]" name="lenovo" duration-ms="6" started-at="2020-07-17T07:48:25Z" finished-at="2020-07-17T07:48:25Z">
          <reporter-output>
          </reporter-output>
        </test-method> <!-- lenovo -->
      </class> <!-- CovidPackage.Holiday -->
    </test> <!-- Default test -->
  </suite> <!-- Default suite -->
</testng-results>
